<?xml version="1.0" encoding="UTF-8"?>
<!-- Generated by org.testng.reporters.JUnitXMLReporter -->
<testsuite hostname="Khois-iMac.local" name="Default test" tests="5" failures="0" timestamp="16 Nov 2018 05:43:50 GMT" time="0.643" errors="0">
  <testcase name="@BeforeMethod beforeTest" time="0.0" classname="tests.p2.P02">
    <failure type="java.lang.NullPointerException">
      <![CDATA[java.lang.NullPointerException
	at com.google.common.base.Preconditions.checkNotNull(Preconditions.java:212)
	at org.openqa.selenium.support.ui.FluentWait.<init>(FluentWait.java:102)
	at org.openqa.selenium.support.ui.WebDriverWait.<init>(WebDriverWait.java:71)
	at org.openqa.selenium.support.ui.WebDriverWait.<init>(WebDriverWait.java:45)
	at utilities.Element.waitVisible(Element.java:141)
	at actions.Anibis.navigate(Anibis.java:20)
	at tests.p2.P02.beforeTest(P02.java:22)
	at sun.reflect.NativeMethodAccessorImpl.invoke0(Native Method)
	at sun.reflect.NativeMethodAccessorImpl.invoke(NativeMethodAccessorImpl.java:62)
	at sun.reflect.DelegatingMethodAccessorImpl.invoke(DelegatingMethodAccessorImpl.java:43)
	at java.lang.reflect.Method.invoke(Method.java:498)
	at org.testng.internal.MethodInvocationHelper.invokeMethod(MethodInvocationHelper.java:84)
	at org.testng.internal.Invoker.invokeConfigurationMethod(Invoker.java:564)
	at org.testng.internal.Invoker.invokeConfigurations(Invoker.java:213)
	at org.testng.internal.Invoker.invokeMethod(Invoker.java:653)
	at org.testng.internal.Invoker.invokeTestMethod(Invoker.java:901)
	at org.testng.internal.Invoker.invokeTestMethods(Invoker.java:1231)
	at org.testng.internal.TestMethodWorker.invokeTestMethods(TestMethodWorker.java:127)
	at org.testng.internal.TestMethodWorker.run(TestMethodWorker.java:111)
	at org.testng.TestRunner.privateRun(TestRunner.java:767)
	at org.testng.TestRunner.run(TestRunner.java:617)
	at org.testng.SuiteRunner.runTest(SuiteRunner.java:348)
	at org.testng.SuiteRunner.runSequentially(SuiteRunner.java:343)
	at org.testng.SuiteRunner.privateRun(SuiteRunner.java:305)
	at org.testng.SuiteRunner.run(SuiteRunner.java:254)
	at org.testng.SuiteRunnerWorker.runSuite(SuiteRunnerWorker.java:52)
	at org.testng.SuiteRunnerWorker.run(SuiteRunnerWorker.java:86)
	at org.testng.TestNG.runSuitesSequentially(TestNG.java:1224)
	at org.testng.TestNG.runSuitesLocally(TestNG.java:1149)
	at org.testng.TestNG.run(TestNG.java:1057)
	at org.testng.remote.AbstractRemoteTestNG.run(AbstractRemoteTestNG.java:114)
	at org.testng.remote.RemoteTestNG.initAndRun(RemoteTestNG.java:251)
	at org.testng.remote.RemoteTestNG.main(RemoteTestNG.java:77)
]]>
    </failure>
  </testcase> <!-- @BeforeMethod beforeTest -->
  <testcase name="@BeforeMethod beforeTest" time="0.0" classname="tests.p2.P02">
    <skipped/>
  </testcase> <!-- @BeforeMethod beforeTest -->
  <testcase name="@BeforeMethod beforeTest" time="0.0" classname="tests.p2.P02">
    <skipped/>
  </testcase> <!-- @BeforeMethod beforeTest -->
  <testcase name="@BeforeMethod beforeTest" time="0.0" classname="tests.p2.P02">
    <skipped/>
  </testcase> <!-- @BeforeMethod beforeTest -->
  <testcase name="@BeforeMethod beforeTest" time="0.0" classname="tests.p2.P02">
    <skipped/>
  </testcase> <!-- @BeforeMethod beforeTest -->
  <testcase name="verify_user_can_login_successfully_with_correct_info" time="0.002" classname="tests.p2.P02">
    <skipped/>
  </testcase> <!-- verify_user_can_login_successfully_with_correct_info -->
  <testcase name="verify_user_can_login_successfully_with_correct_info" time="0.001" classname="tests.p2.P02">
    <skipped/>
  </testcase> <!-- verify_user_can_login_successfully_with_correct_info -->
  <testcase name="verify_user_can_login_successfully_with_correct_info" time="0.002" classname="tests.p2.P02">
    <skipped/>
  </testcase> <!-- verify_user_can_login_successfully_with_correct_info -->
  <testcase name="verify_user_can_login_successfully_with_correct_info" time="0.001" classname="tests.p2.P02">
    <skipped/>
  </testcase> <!-- verify_user_can_login_successfully_with_correct_info -->
  <testcase name="verify_user_can_login_successfully_with_correct_info" time="0.001" classname="tests.p2.P02">
    <skipped/>
  </testcase> <!-- verify_user_can_login_successfully_with_correct_info -->
</testsuite> <!-- Default test -->
