<?xml version="1.0" encoding="UTF-8"?>
<testng-results skipped="5" failed="0" total="5" passed="0">
  <reporter-output>
  </reporter-output>
  <suite name="Default suite" duration-ms="643" started-at="2018-11-16T05:43:50Z" finished-at="2018-11-16T05:43:50Z">
    <groups>
    </groups>
    <test name="Default test" duration-ms="643" started-at="2018-11-16T05:43:50Z" finished-at="2018-11-16T05:43:50Z">
      <class name="tests.p2.P02">
        <test-method status="FAIL" signature="beforeTest()[pri:0, instance:tests.p2.P02@5700d6b1]" name="beforeTest" is-config="true" duration-ms="0" started-at="2018-11-16T12:43:50Z" finished-at="2018-11-16T12:43:50Z">
          <exception class="java.lang.NullPointerException">
            <full-stacktrace>
              <![CDATA[java.lang.NullPointerException
	at com.google.common.base.Preconditions.checkNotNull(Preconditions.java:212)
	at org.openqa.selenium.support.ui.FluentWait.<init>(FluentWait.java:102)
	at org.openqa.selenium.support.ui.WebDriverWait.<init>(WebDriverWait.java:71)
	at org.openqa.selenium.support.ui.WebDriverWait.<init>(WebDriverWait.java:45)
	at utilities.Element.waitVisible(Element.java:141)
	at actions.Anibis.navigate(Anibis.java:20)
	at tests.p2.P02.beforeTest(P02.java:22)
	at sun.reflect.NativeMethodAccessorImpl.invoke0(Native Method)
	at sun.reflect.NativeMethodAccessorImpl.invoke(NativeMethodAccessorImpl.java:62)
	at sun.reflect.DelegatingMethodAccessorImpl.invoke(DelegatingMethodAccessorImpl.java:43)
	at java.lang.reflect.Method.invoke(Method.java:498)
	at org.testng.internal.MethodInvocationHelper.invokeMethod(MethodInvocationHelper.java:84)
	at org.testng.internal.Invoker.invokeConfigurationMethod(Invoker.java:564)
	at org.testng.internal.Invoker.invokeConfigurations(Invoker.java:213)
	at org.testng.internal.Invoker.invokeMethod(Invoker.java:653)
	at org.testng.internal.Invoker.invokeTestMethod(Invoker.java:901)
	at org.testng.internal.Invoker.invokeTestMethods(Invoker.java:1231)
	at org.testng.internal.TestMethodWorker.invokeTestMethods(TestMethodWorker.java:127)
	at org.testng.internal.TestMethodWorker.run(TestMethodWorker.java:111)
	at org.testng.TestRunner.privateRun(TestRunner.java:767)
	at org.testng.TestRunner.run(TestRunner.java:617)
	at org.testng.SuiteRunner.runTest(SuiteRunner.java:348)
	at org.testng.SuiteRunner.runSequentially(SuiteRunner.java:343)
	at org.testng.SuiteRunner.privateRun(SuiteRunner.java:305)
	at org.testng.SuiteRunner.run(SuiteRunner.java:254)
	at org.testng.SuiteRunnerWorker.runSuite(SuiteRunnerWorker.java:52)
	at org.testng.SuiteRunnerWorker.run(SuiteRunnerWorker.java:86)
	at org.testng.TestNG.runSuitesSequentially(TestNG.java:1224)
	at org.testng.TestNG.runSuitesLocally(TestNG.java:1149)
	at org.testng.TestNG.run(TestNG.java:1057)
	at org.testng.remote.AbstractRemoteTestNG.run(AbstractRemoteTestNG.java:114)
	at org.testng.remote.RemoteTestNG.initAndRun(RemoteTestNG.java:251)
	at org.testng.remote.RemoteTestNG.main(RemoteTestNG.java:77)
]]>
            </full-stacktrace>
          </exception> <!-- java.lang.NullPointerException -->
          <reporter-output>
          </reporter-output>
        </test-method> <!-- beforeTest -->
        <test-method status="SKIP" signature="verify_user_can_login_successfully_with_correct_info(java.lang.String, java.lang.String, java.lang.String, java.lang.String)[pri:0, instance:tests.p2.P02@5700d6b1]" name="verify_user_can_login_successfully_with_correct_info" duration-ms="2" started-at="2018-11-16T12:43:50Z" data-provider="invalidAccounts" finished-at="2018-11-16T12:43:50Z">
          <params>
            <param index="0">
              <value>
                <![CDATA[]]>
              </value>
            </param>
            <param index="1">
              <value>
                <![CDATA[]]>
              </value>
            </param>
            <param index="2">
              <value>
                <![CDATA[N’oubliez pas cette information]]>
              </value>
            </param>
            <param index="3">
              <value>
                <![CDATA[]]>
              </value>
            </param>
          </params>
          <reporter-output>
          </reporter-output>
        </test-method> <!-- verify_user_can_login_successfully_with_correct_info -->
        <test-method status="SKIP" signature="beforeTest()[pri:0, instance:tests.p2.P02@5700d6b1]" name="beforeTest" is-config="true" duration-ms="0" started-at="2018-11-16T12:43:50Z" finished-at="2018-11-16T12:43:50Z">
          <reporter-output>
          </reporter-output>
        </test-method> <!-- beforeTest -->
        <test-method status="SKIP" signature="verify_user_can_login_successfully_with_correct_info(java.lang.String, java.lang.String, java.lang.String, java.lang.String)[pri:0, instance:tests.p2.P02@5700d6b1]" name="verify_user_can_login_successfully_with_correct_info" duration-ms="1" started-at="2018-11-16T12:43:50Z" data-provider="invalidAccounts" finished-at="2018-11-16T12:43:50Z">
          <params>
            <param index="0">
              <value>
                <![CDATA[invalid@format]]>
              </value>
            </param>
            <param index="1">
              <value>
                <![CDATA[]]>
              </value>
            </param>
            <param index="2">
              <value>
                <![CDATA[Indiquez votre adresse e-mail]]>
              </value>
            </param>
            <param index="3">
              <value>
                <![CDATA[]]>
              </value>
            </param>
          </params>
          <reporter-output>
          </reporter-output>
        </test-method> <!-- verify_user_can_login_successfully_with_correct_info -->
        <test-method status="SKIP" signature="beforeTest()[pri:0, instance:tests.p2.P02@5700d6b1]" name="beforeTest" is-config="true" duration-ms="0" started-at="2018-11-16T12:43:50Z" finished-at="2018-11-16T12:43:50Z">
          <reporter-output>
          </reporter-output>
        </test-method> <!-- beforeTest -->
        <test-method status="SKIP" signature="verify_user_can_login_successfully_with_correct_info(java.lang.String, java.lang.String, java.lang.String, java.lang.String)[pri:0, instance:tests.p2.P02@5700d6b1]" name="verify_user_can_login_successfully_with_correct_info" duration-ms="2" started-at="2018-11-16T12:43:50Z" data-provider="invalidAccounts" finished-at="2018-11-16T12:43:50Z">
          <params>
            <param index="0">
              <value>
                <![CDATA[reseller.nvg@gmail.com]]>
              </value>
            </param>
            <param index="1">
              <value>
                <![CDATA[1.0]]>
              </value>
            </param>
            <param index="2">
              <value>
                <![CDATA[]]>
              </value>
            </param>
            <param index="3">
              <value>
                <![CDATA[Wählen Sie ein Passwort mit mindestens 6 Zeichen]]>
              </value>
            </param>
          </params>
          <reporter-output>
          </reporter-output>
        </test-method> <!-- verify_user_can_login_successfully_with_correct_info -->
        <test-method status="SKIP" signature="beforeTest()[pri:0, instance:tests.p2.P02@5700d6b1]" name="beforeTest" is-config="true" duration-ms="0" started-at="2018-11-16T12:43:50Z" finished-at="2018-11-16T12:43:50Z">
          <reporter-output>
          </reporter-output>
        </test-method> <!-- beforeTest -->
        <test-method status="SKIP" signature="verify_user_can_login_successfully_with_correct_info(java.lang.String, java.lang.String, java.lang.String, java.lang.String)[pri:0, instance:tests.p2.P02@5700d6b1]" name="verify_user_can_login_successfully_with_correct_info" duration-ms="1" started-at="2018-11-16T12:43:50Z" data-provider="invalidAccounts" finished-at="2018-11-16T12:43:50Z">
          <params>
            <param index="0">
              <value>
                <![CDATA[reseller.nvg@gmail.com]]>
              </value>
            </param>
            <param index="1">
              <value>
                <![CDATA[invalid_password]]>
              </value>
            </param>
            <param index="2">
              <value>
                <![CDATA[]]>
              </value>
            </param>
            <param index="3">
              <value>
                <![CDATA[That password doesn't seem right. Did you forget your password?]]>
              </value>
            </param>
          </params>
          <reporter-output>
          </reporter-output>
        </test-method> <!-- verify_user_can_login_successfully_with_correct_info -->
        <test-method status="SKIP" signature="beforeTest()[pri:0, instance:tests.p2.P02@5700d6b1]" name="beforeTest" is-config="true" duration-ms="0" started-at="2018-11-16T12:43:50Z" finished-at="2018-11-16T12:43:50Z">
          <reporter-output>
          </reporter-output>
        </test-method> <!-- beforeTest -->
        <test-method status="SKIP" signature="verify_user_can_login_successfully_with_correct_info(java.lang.String, java.lang.String, java.lang.String, java.lang.String)[pri:0, instance:tests.p2.P02@5700d6b1]" name="verify_user_can_login_successfully_with_correct_info" duration-ms="1" started-at="2018-11-16T12:43:50Z" data-provider="invalidAccounts" finished-at="2018-11-16T12:43:50Z">
          <params>
            <param index="0">
              <value>
                <![CDATA[reseller.nvg@gmail.com]]>
              </value>
            </param>
            <param index="1">
              <value>
                <![CDATA[]]>
              </value>
            </param>
            <param index="2">
              <value>
                <![CDATA[]]>
              </value>
            </param>
            <param index="3">
              <value>
                <![CDATA[N’oubliez pas cette information]]>
              </value>
            </param>
          </params>
          <reporter-output>
          </reporter-output>
        </test-method> <!-- verify_user_can_login_successfully_with_correct_info -->
      </class> <!-- tests.p2.P02 -->
    </test> <!-- Default test -->
  </suite> <!-- Default suite -->
</testng-results>
